2019-04-28 10:43:29,410 [Worker-9] INFO  o.e.m.c.i.l.LifecycleMappingFactory - Using org.eclipse.m2e.jdt.JarLifecycleMapping lifecycle mapping for MavenProject: cn.jbolt:questionbank:0.0.1-SNAPSHOT @ C:\software\project\questionbank\questionbank_back\questionbank\pom.xml.
2019-04-28 10:43:30,488 [Worker-9] INFO  o.e.m.j.i.AbstractJavaProjectConfigurator - Adding source folder /questionbank/src/main/java
2019-04-28 10:43:30,488 [Worker-9] INFO  o.e.m.j.i.AbstractJavaProjectConfigurator - Adding resource folder /questionbank/src/main/resources
2019-04-28 10:43:30,498 [Worker-9] INFO  o.e.m.j.i.AbstractJavaProjectConfigurator - Adding source folder /questionbank/src/test/java
2019-04-28 10:43:30,499 [Worker-9] INFO  o.e.m.j.i.AbstractJavaProjectConfigurator - Adding resource folder /questionbank/src/test/resources
2019-04-28 10:43:31,069 [Worker-11] INFO  o.e.m.c.i.l.LifecycleMappingFactory - Using org.eclipse.m2e.jdt.JarLifecycleMapping lifecycle mapping for MavenProject: cn.jbolt:questionbank:0.0.1-SNAPSHOT @ C:\software\project\questionbank\questionbank_back\questionbank\pom.xml.
2019-04-28 10:43:31,245 [Worker-7] INFO  o.e.m.c.i.embedder.EclipseLogger - Using 'UTF-8' encoding to copy filtered resources.
2019-04-28 10:43:31,248 [Worker-7] INFO  o.e.m.c.i.embedder.EclipseLogger - Copying 5 resources
2019-04-28 10:43:31,260 [Worker-7] INFO  o.e.m.c.i.embedder.EclipseLogger - Using 'UTF-8' encoding to copy filtered resources.
2019-04-28 10:43:31,261 [Worker-7] INFO  o.e.m.c.i.embedder.EclipseLogger - Copying 0 resource
2019-04-28 10:43:32,776 [Worker-7] INFO  o.e.m.c.i.embedder.EclipseLogger - Using 'UTF-8' encoding to copy filtered resources.
2019-04-28 10:43:32,779 [Worker-7] INFO  o.e.m.c.i.embedder.EclipseLogger - Copying 5 resources
2019-04-28 10:43:32,791 [Worker-7] INFO  o.e.m.c.i.embedder.EclipseLogger - Using 'UTF-8' encoding to copy filtered resources.
2019-04-28 10:43:32,791 [Worker-7] INFO  o.e.m.c.i.embedder.EclipseLogger - Copying 0 resource
2019-04-28 10:43:39,410 [Worker-16] INFO  o.e.m.c.i.embedder.EclipseLogger - Using 'UTF-8' encoding to copy filtered resources.
2019-04-28 10:43:39,411 [Worker-16] INFO  o.e.m.c.i.embedder.EclipseLogger - Copying 0 resource
2019-04-28 10:43:39,427 [Worker-16] INFO  o.e.m.c.i.embedder.EclipseLogger - Using 'UTF-8' encoding to copy filtered resources.
2019-04-28 10:43:39,428 [Worker-16] INFO  o.e.m.c.i.embedder.EclipseLogger - Copying 0 resource
2019-04-28 10:43:44,305 [Worker-14] INFO  o.e.m.c.i.embedder.EclipseLogger - Using 'UTF-8' encoding to copy filtered resources.
2019-04-28 10:43:44,305 [Worker-14] INFO  o.e.m.c.i.embedder.EclipseLogger - Copying 5 resources
2019-04-28 10:43:44,320 [Worker-14] INFO  o.e.m.c.i.embedder.EclipseLogger - Using 'UTF-8' encoding to copy filtered resources.
2019-04-28 10:43:44,323 [Worker-14] INFO  o.e.m.c.i.embedder.EclipseLogger - Copying 0 resource
2019-04-28 10:44:17,163 [Worker-3] INFO  o.e.m.c.i.embedder.EclipseLogger - Using 'UTF-8' encoding to copy filtered resources.
2019-04-28 10:44:17,164 [Worker-3] INFO  o.e.m.c.i.embedder.EclipseLogger - Copying 5 resources
2019-04-28 10:44:17,170 [Worker-3] INFO  o.e.m.c.i.embedder.EclipseLogger - Using 'UTF-8' encoding to copy filtered resources.
2019-04-28 10:44:17,173 [Worker-3] INFO  o.e.m.c.i.embedder.EclipseLogger - Copying 0 resource
2019-04-28 10:45:19,980 [Worker-20] INFO  o.e.m.c.i.embedder.EclipseLogger - Using 'UTF-8' encoding to copy filtered resources.
2019-04-28 10:45:19,981 [Worker-20] INFO  o.e.m.c.i.embedder.EclipseLogger - Copying 5 resources
2019-04-28 10:45:19,986 [Worker-20] INFO  o.e.m.c.i.embedder.EclipseLogger - Using 'UTF-8' encoding to copy filtered resources.
2019-04-28 10:45:19,990 [Worker-20] INFO  o.e.m.c.i.embedder.EclipseLogger - Copying 0 resource
2019-04-28 10:45:34,859 [Worker-16] INFO  o.e.m.c.i.embedder.EclipseLogger - Using 'UTF-8' encoding to copy filtered resources.
2019-04-28 10:45:34,860 [Worker-16] INFO  o.e.m.c.i.embedder.EclipseLogger - Copying 5 resources
2019-04-28 10:45:34,864 [Worker-16] INFO  o.e.m.c.i.embedder.EclipseLogger - Using 'UTF-8' encoding to copy filtered resources.
2019-04-28 10:45:34,868 [Worker-16] INFO  o.e.m.c.i.embedder.EclipseLogger - Copying 0 resource
2019-04-28 10:45:43,780 [Worker-17] INFO  o.e.m.c.i.embedder.EclipseLogger - Using 'UTF-8' encoding to copy filtered resources.
2019-04-28 10:45:43,781 [Worker-17] INFO  o.e.m.c.i.embedder.EclipseLogger - Copying 5 resources
2019-04-28 10:45:43,796 [Worker-17] INFO  o.e.m.c.i.embedder.EclipseLogger - Using 'UTF-8' encoding to copy filtered resources.
2019-04-28 10:45:43,799 [Worker-17] INFO  o.e.m.c.i.embedder.EclipseLogger - Copying 0 resource
2019-04-28 10:46:21,042 [Worker-18] INFO  o.e.m.c.i.embedder.EclipseLogger - Using 'UTF-8' encoding to copy filtered resources.
2019-04-28 10:46:21,044 [Worker-18] INFO  o.e.m.c.i.embedder.EclipseLogger - Copying 5 resources
2019-04-28 10:46:21,052 [Worker-18] INFO  o.e.m.c.i.embedder.EclipseLogger - Using 'UTF-8' encoding to copy filtered resources.
2019-04-28 10:46:21,057 [Worker-18] INFO  o.e.m.c.i.embedder.EclipseLogger - Copying 0 resource
2019-04-28 10:46:32,397 [Worker-20] INFO  o.e.m.c.i.embedder.EclipseLogger - Using 'UTF-8' encoding to copy filtered resources.
2019-04-28 10:46:32,398 [Worker-20] INFO  o.e.m.c.i.embedder.EclipseLogger - Copying 5 resources
2019-04-28 10:46:32,402 [Worker-20] INFO  o.e.m.c.i.embedder.EclipseLogger - Using 'UTF-8' encoding to copy filtered resources.
2019-04-28 10:46:32,405 [Worker-20] INFO  o.e.m.c.i.embedder.EclipseLogger - Copying 0 resource
2019-04-28 10:49:08,102 [Worker-17] INFO  o.e.m.c.i.embedder.EclipseLogger - Using 'UTF-8' encoding to copy filtered resources.
2019-04-28 10:49:08,103 [Worker-17] INFO  o.e.m.c.i.embedder.EclipseLogger - Copying 5 resources
2019-04-28 10:49:08,108 [Worker-17] INFO  o.e.m.c.i.embedder.EclipseLogger - Using 'UTF-8' encoding to copy filtered resources.
2019-04-28 10:49:08,111 [Worker-17] INFO  o.e.m.c.i.embedder.EclipseLogger - Copying 0 resource
2019-04-28 10:49:58,977 [Worker-13] INFO  o.e.m.c.i.embedder.EclipseLogger - Using 'UTF-8' encoding to copy filtered resources.
2019-04-28 10:49:58,978 [Worker-13] INFO  o.e.m.c.i.embedder.EclipseLogger - Copying 5 resources
2019-04-28 10:49:58,983 [Worker-13] INFO  o.e.m.c.i.embedder.EclipseLogger - Using 'UTF-8' encoding to copy filtered resources.
2019-04-28 10:49:58,986 [Worker-13] INFO  o.e.m.c.i.embedder.EclipseLogger - Copying 0 resource
2019-04-28 10:50:26,921 [Worker-3] INFO  o.e.m.c.i.embedder.EclipseLogger - Using 'UTF-8' encoding to copy filtered resources.
2019-04-28 10:50:26,922 [Worker-3] INFO  o.e.m.c.i.embedder.EclipseLogger - Copying 5 resources
2019-04-28 10:50:26,932 [Worker-3] INFO  o.e.m.c.i.embedder.EclipseLogger - Using 'UTF-8' encoding to copy filtered resources.
2019-04-28 10:50:26,936 [Worker-3] INFO  o.e.m.c.i.embedder.EclipseLogger - Copying 0 resource
2019-04-28 10:54:49,151 [Worker-14] INFO  o.e.m.c.i.embedder.EclipseLogger - Using 'UTF-8' encoding to copy filtered resources.
2019-04-28 10:54:49,152 [Worker-14] INFO  o.e.m.c.i.embedder.EclipseLogger - Copying 5 resources
2019-04-28 10:54:49,156 [Worker-14] INFO  o.e.m.c.i.embedder.EclipseLogger - Using 'UTF-8' encoding to copy filtered resources.
2019-04-28 10:54:49,159 [Worker-14] INFO  o.e.m.c.i.embedder.EclipseLogger - Copying 0 resource
2019-04-28 10:56:52,513 [Worker-24] INFO  o.e.m.c.i.embedder.EclipseLogger - Using 'UTF-8' encoding to copy filtered resources.
2019-04-28 10:56:52,514 [Worker-24] INFO  o.e.m.c.i.embedder.EclipseLogger - Copying 5 resources
2019-04-28 10:56:52,520 [Worker-24] INFO  o.e.m.c.i.embedder.EclipseLogger - Using 'UTF-8' encoding to copy filtered resources.
2019-04-28 10:56:52,524 [Worker-24] INFO  o.e.m.c.i.embedder.EclipseLogger - Copying 0 resource
2019-04-28 10:57:25,029 [Worker-24] INFO  o.e.m.c.i.embedder.EclipseLogger - Using 'UTF-8' encoding to copy filtered resources.
2019-04-28 10:57:25,030 [Worker-24] INFO  o.e.m.c.i.embedder.EclipseLogger - Copying 5 resources
2019-04-28 10:57:25,036 [Worker-24] INFO  o.e.m.c.i.embedder.EclipseLogger - Using 'UTF-8' encoding to copy filtered resources.
2019-04-28 10:57:25,040 [Worker-24] INFO  o.e.m.c.i.embedder.EclipseLogger - Copying 0 resource
2019-04-28 10:57:55,699 [Worker-26] INFO  o.e.m.c.i.embedder.EclipseLogger - Using 'UTF-8' encoding to copy filtered resources.
2019-04-28 10:57:55,699 [Worker-26] INFO  o.e.m.c.i.embedder.EclipseLogger - Copying 5 resources
2019-04-28 10:57:55,704 [Worker-26] INFO  o.e.m.c.i.embedder.EclipseLogger - Using 'UTF-8' encoding to copy filtered resources.
2019-04-28 10:57:55,707 [Worker-26] INFO  o.e.m.c.i.embedder.EclipseLogger - Copying 0 resource
2019-04-28 10:58:27,167 [Worker-14] INFO  o.e.m.c.i.embedder.EclipseLogger - Using 'UTF-8' encoding to copy filtered resources.
2019-04-28 10:58:27,168 [Worker-14] INFO  o.e.m.c.i.embedder.EclipseLogger - Copying 5 resources
2019-04-28 10:58:27,177 [Worker-14] INFO  o.e.m.c.i.embedder.EclipseLogger - Using 'UTF-8' encoding to copy filtered resources.
2019-04-28 10:58:27,184 [Worker-14] INFO  o.e.m.c.i.embedder.EclipseLogger - Copying 0 resource
2019-04-28 11:00:41,066 [Worker-27] INFO  o.e.m.c.i.embedder.EclipseLogger - Using 'UTF-8' encoding to copy filtered resources.
2019-04-28 11:00:41,068 [Worker-27] INFO  o.e.m.c.i.embedder.EclipseLogger - Copying 5 resources
2019-04-28 11:00:41,077 [Worker-27] INFO  o.e.m.c.i.embedder.EclipseLogger - Using 'UTF-8' encoding to copy filtered resources.
2019-04-28 11:00:41,083 [Worker-27] INFO  o.e.m.c.i.embedder.EclipseLogger - Copying 0 resource
2019-04-28 11:00:58,339 [Worker-21] INFO  o.e.m.c.i.embedder.EclipseLogger - Using 'UTF-8' encoding to copy filtered resources.
2019-04-28 11:00:58,340 [Worker-21] INFO  o.e.m.c.i.embedder.EclipseLogger - Copying 5 resources
2019-04-28 11:00:58,344 [Worker-21] INFO  o.e.m.c.i.embedder.EclipseLogger - Using 'UTF-8' encoding to copy filtered resources.
2019-04-28 11:00:58,348 [Worker-21] INFO  o.e.m.c.i.embedder.EclipseLogger - Copying 0 resource
2019-04-28 11:01:29,278 [Worker-21] INFO  o.e.m.c.i.embedder.EclipseLogger - Using 'UTF-8' encoding to copy filtered resources.
2019-04-28 11:01:29,279 [Worker-21] INFO  o.e.m.c.i.embedder.EclipseLogger - Copying 5 resources
2019-04-28 11:01:29,283 [Worker-21] INFO  o.e.m.c.i.embedder.EclipseLogger - Using 'UTF-8' encoding to copy filtered resources.
2019-04-28 11:01:29,287 [Worker-21] INFO  o.e.m.c.i.embedder.EclipseLogger - Copying 0 resource
2019-04-28 11:02:28,722 [Worker-21] INFO  o.e.m.c.i.embedder.EclipseLogger - Using 'UTF-8' encoding to copy filtered resources.
2019-04-28 11:02:28,724 [Worker-21] INFO  o.e.m.c.i.embedder.EclipseLogger - Copying 5 resources
2019-04-28 11:02:28,732 [Worker-21] INFO  o.e.m.c.i.embedder.EclipseLogger - Using 'UTF-8' encoding to copy filtered resources.
2019-04-28 11:02:28,738 [Worker-21] INFO  o.e.m.c.i.embedder.EclipseLogger - Copying 0 resource
2019-04-28 14:11:47,534 [Worker-33] INFO  o.e.m.c.i.embedder.EclipseLogger - Using 'UTF-8' encoding to copy filtered resources.
2019-04-28 14:11:47,536 [Worker-33] INFO  o.e.m.c.i.embedder.EclipseLogger - Copying 0 resource
2019-04-28 14:11:47,551 [Worker-33] INFO  o.e.m.c.i.embedder.EclipseLogger - Using 'UTF-8' encoding to copy filtered resources.
2019-04-28 14:11:47,565 [Worker-33] INFO  o.e.m.c.i.embedder.EclipseLogger - Copying 0 resource
2019-04-28 14:11:52,688 [Worker-42] INFO  o.e.m.c.i.embedder.EclipseLogger - Using 'UTF-8' encoding to copy filtered resources.
2019-04-28 14:11:52,689 [Worker-42] INFO  o.e.m.c.i.embedder.EclipseLogger - Copying 5 resources
2019-04-28 14:11:52,710 [Worker-42] INFO  o.e.m.c.i.embedder.EclipseLogger - Using 'UTF-8' encoding to copy filtered resources.
2019-04-28 14:11:52,713 [Worker-42] INFO  o.e.m.c.i.embedder.EclipseLogger - Copying 0 resource
2019-04-28 14:13:56,092 [Worker-35] INFO  o.e.m.c.i.embedder.EclipseLogger - Using 'UTF-8' encoding to copy filtered resources.
2019-04-28 14:13:56,093 [Worker-35] INFO  o.e.m.c.i.embedder.EclipseLogger - Copying 5 resources
2019-04-28 14:13:56,097 [Worker-35] INFO  o.e.m.c.i.embedder.EclipseLogger - Using 'UTF-8' encoding to copy filtered resources.
2019-04-28 14:13:56,099 [Worker-35] INFO  o.e.m.c.i.embedder.EclipseLogger - Copying 0 resource
2019-04-28 14:14:14,778 [Worker-42] INFO  o.e.m.c.i.embedder.EclipseLogger - Using 'UTF-8' encoding to copy filtered resources.
2019-04-28 14:14:14,779 [Worker-42] INFO  o.e.m.c.i.embedder.EclipseLogger - Copying 5 resources
2019-04-28 14:14:14,783 [Worker-42] INFO  o.e.m.c.i.embedder.EclipseLogger - Using 'UTF-8' encoding to copy filtered resources.
2019-04-28 14:14:14,786 [Worker-42] INFO  o.e.m.c.i.embedder.EclipseLogger - Copying 0 resource
2019-04-28 14:30:43,273 [Worker-49] INFO  o.e.m.c.i.embedder.EclipseLogger - Using 'UTF-8' encoding to copy filtered resources.
2019-04-28 14:30:43,274 [Worker-49] INFO  o.e.m.c.i.embedder.EclipseLogger - Copying 5 resources
2019-04-28 14:30:43,279 [Worker-49] INFO  o.e.m.c.i.embedder.EclipseLogger - Using 'UTF-8' encoding to copy filtered resources.
2019-04-28 14:30:43,282 [Worker-49] INFO  o.e.m.c.i.embedder.EclipseLogger - Copying 0 resource
2019-04-28 14:31:04,605 [Worker-53] INFO  o.e.m.c.i.embedder.EclipseLogger - Using 'UTF-8' encoding to copy filtered resources.
2019-04-28 14:31:04,606 [Worker-53] INFO  o.e.m.c.i.embedder.EclipseLogger - Copying 5 resources
2019-04-28 14:31:04,610 [Worker-53] INFO  o.e.m.c.i.embedder.EclipseLogger - Using 'UTF-8' encoding to copy filtered resources.
2019-04-28 14:31:04,613 [Worker-53] INFO  o.e.m.c.i.embedder.EclipseLogger - Copying 0 resource
2019-04-28 14:31:10,442 [Worker-52] INFO  o.e.m.c.i.embedder.EclipseLogger - Using 'UTF-8' encoding to copy filtered resources.
2019-04-28 14:31:10,443 [Worker-52] INFO  o.e.m.c.i.embedder.EclipseLogger - Copying 5 resources
2019-04-28 14:31:10,450 [Worker-52] INFO  o.e.m.c.i.embedder.EclipseLogger - Using 'UTF-8' encoding to copy filtered resources.
2019-04-28 14:31:10,454 [Worker-52] INFO  o.e.m.c.i.embedder.EclipseLogger - Copying 0 resource
2019-04-28 14:32:57,017 [Worker-52] INFO  o.e.m.c.i.embedder.EclipseLogger - Using 'UTF-8' encoding to copy filtered resources.
2019-04-28 14:32:57,022 [Worker-52] INFO  o.e.m.c.i.embedder.EclipseLogger - Copying 1 resource
2019-04-28 14:32:57,039 [Worker-52] INFO  o.e.m.c.i.embedder.EclipseLogger - Using 'UTF-8' encoding to copy filtered resources.
2019-04-28 14:32:57,047 [Worker-52] INFO  o.e.m.c.i.embedder.EclipseLogger - Copying 0 resource
2019-05-01 19:44:11,787 [Worker-20] INFO  o.e.m.c.i.embedder.EclipseLogger - Using 'UTF-8' encoding to copy filtered resources.
2019-05-01 19:44:11,804 [Worker-20] INFO  o.e.m.c.i.embedder.EclipseLogger - Copying 5 resources
2019-05-01 19:44:11,825 [Worker-20] INFO  o.e.m.c.i.embedder.EclipseLogger - Using 'UTF-8' encoding to copy filtered resources.
2019-05-01 19:44:11,827 [Worker-20] INFO  o.e.m.c.i.embedder.EclipseLogger - Copying 0 resource
2019-05-01 19:53:56,306 [Worker-19] INFO  o.e.m.c.i.embedder.EclipseLogger - Using 'UTF-8' encoding to copy filtered resources.
2019-05-01 19:53:56,316 [Worker-19] INFO  o.e.m.c.i.embedder.EclipseLogger - Copying 5 resources
2019-05-01 19:53:56,318 [Worker-19] INFO  o.e.m.c.i.embedder.EclipseLogger - Using 'UTF-8' encoding to copy filtered resources.
2019-05-01 19:53:56,319 [Worker-19] INFO  o.e.m.c.i.embedder.EclipseLogger - Copying 0 resource
2019-05-01 19:58:01,243 [Worker-27] INFO  o.e.m.c.i.embedder.EclipseLogger - Using 'UTF-8' encoding to copy filtered resources.
2019-05-01 19:58:01,245 [Worker-27] INFO  o.e.m.c.i.embedder.EclipseLogger - Copying 5 resources
2019-05-01 19:58:01,247 [Worker-27] INFO  o.e.m.c.i.embedder.EclipseLogger - Using 'UTF-8' encoding to copy filtered resources.
2019-05-01 19:58:01,247 [Worker-27] INFO  o.e.m.c.i.embedder.EclipseLogger - Copying 0 resource
2019-05-01 21:46:05,650 [Worker-41] INFO  o.e.m.c.i.embedder.EclipseLogger - Using 'UTF-8' encoding to copy filtered resources.
2019-05-01 21:46:05,662 [Worker-41] INFO  o.e.m.c.i.embedder.EclipseLogger - Copying 5 resources
2019-05-01 21:46:05,671 [Worker-41] INFO  o.e.m.c.i.embedder.EclipseLogger - Using 'UTF-8' encoding to copy filtered resources.
2019-05-01 21:46:05,671 [Worker-41] INFO  o.e.m.c.i.embedder.EclipseLogger - Copying 0 resource
2019-05-01 21:46:12,964 [Worker-42] INFO  o.e.m.c.i.embedder.EclipseLogger - Using 'UTF-8' encoding to copy filtered resources.
2019-05-01 21:46:12,971 [Worker-42] INFO  o.e.m.c.i.embedder.EclipseLogger - Copying 0 resource
2019-05-01 21:46:12,973 [Worker-42] INFO  o.e.m.c.i.embedder.EclipseLogger - Using 'UTF-8' encoding to copy filtered resources.
2019-05-01 21:46:12,974 [Worker-42] INFO  o.e.m.c.i.embedder.EclipseLogger - Copying 0 resource
2019-05-01 21:46:51,637 [Worker-41] INFO  o.e.m.c.i.embedder.EclipseLogger - Using 'UTF-8' encoding to copy filtered resources.
2019-05-01 21:46:51,640 [Worker-41] INFO  o.e.m.c.i.embedder.EclipseLogger - Copying 5 resources
2019-05-01 21:46:51,642 [Worker-41] INFO  o.e.m.c.i.embedder.EclipseLogger - Using 'UTF-8' encoding to copy filtered resources.
2019-05-01 21:46:51,642 [Worker-41] INFO  o.e.m.c.i.embedder.EclipseLogger - Copying 0 resource
2019-05-01 21:47:15,884 [Worker-43] INFO  o.e.m.c.i.embedder.EclipseLogger - Using 'UTF-8' encoding to copy filtered resources.
2019-05-01 21:47:15,884 [Worker-43] INFO  o.e.m.c.i.embedder.EclipseLogger - Copying 5 resources
2019-05-01 21:47:15,886 [Worker-43] INFO  o.e.m.c.i.embedder.EclipseLogger - Using 'UTF-8' encoding to copy filtered resources.
2019-05-01 21:47:15,886 [Worker-43] INFO  o.e.m.c.i.embedder.EclipseLogger - Copying 0 resource
2019-05-01 21:47:25,050 [Worker-41] INFO  o.e.m.c.i.embedder.EclipseLogger - Using 'UTF-8' encoding to copy filtered resources.
2019-05-01 21:47:25,053 [Worker-41] INFO  o.e.m.c.i.embedder.EclipseLogger - Copying 5 resources
2019-05-01 21:47:25,058 [Worker-41] INFO  o.e.m.c.i.embedder.EclipseLogger - Using 'UTF-8' encoding to copy filtered resources.
2019-05-01 21:47:25,059 [Worker-41] INFO  o.e.m.c.i.embedder.EclipseLogger - Copying 0 resource
2019-05-01 21:47:57,390 [Worker-42] INFO  o.e.m.c.i.embedder.EclipseLogger - Using 'UTF-8' encoding to copy filtered resources.
2019-05-01 21:47:57,394 [Worker-42] INFO  o.e.m.c.i.embedder.EclipseLogger - Copying 5 resources
2019-05-01 21:47:57,400 [Worker-42] INFO  o.e.m.c.i.embedder.EclipseLogger - Using 'UTF-8' encoding to copy filtered resources.
2019-05-01 21:47:57,400 [Worker-42] INFO  o.e.m.c.i.embedder.EclipseLogger - Copying 0 resource
2019-05-01 21:49:58,537 [Worker-44] INFO  o.e.m.c.i.embedder.EclipseLogger - Using 'UTF-8' encoding to copy filtered resources.
2019-05-01 21:49:58,539 [Worker-44] INFO  o.e.m.c.i.embedder.EclipseLogger - Copying 5 resources
2019-05-01 21:49:58,540 [Worker-44] INFO  o.e.m.c.i.embedder.EclipseLogger - Using 'UTF-8' encoding to copy filtered resources.
2019-05-01 21:49:58,541 [Worker-44] INFO  o.e.m.c.i.embedder.EclipseLogger - Copying 0 resource
2019-05-01 21:51:59,361 [Worker-42] INFO  o.e.m.c.i.embedder.EclipseLogger - Using 'UTF-8' encoding to copy filtered resources.
2019-05-01 21:51:59,365 [Worker-42] INFO  o.e.m.c.i.embedder.EclipseLogger - Copying 5 resources
2019-05-01 21:51:59,374 [Worker-42] INFO  o.e.m.c.i.embedder.EclipseLogger - Using 'UTF-8' encoding to copy filtered resources.
2019-05-01 21:51:59,374 [Worker-42] INFO  o.e.m.c.i.embedder.EclipseLogger - Copying 0 resource
2019-05-01 21:52:50,936 [Worker-42] INFO  o.e.m.c.i.embedder.EclipseLogger - Using 'UTF-8' encoding to copy filtered resources.
2019-05-01 21:52:50,941 [Worker-42] INFO  o.e.m.c.i.embedder.EclipseLogger - Copying 5 resources
2019-05-01 21:52:50,948 [Worker-42] INFO  o.e.m.c.i.embedder.EclipseLogger - Using 'UTF-8' encoding to copy filtered resources.
2019-05-01 21:52:50,949 [Worker-42] INFO  o.e.m.c.i.embedder.EclipseLogger - Copying 0 resource
2019-05-01 21:53:37,158 [Worker-42] INFO  o.e.m.c.i.embedder.EclipseLogger - Using 'UTF-8' encoding to copy filtered resources.
2019-05-01 21:53:37,166 [Worker-42] INFO  o.e.m.c.i.embedder.EclipseLogger - Copying 5 resources
2019-05-01 21:53:37,173 [Worker-42] INFO  o.e.m.c.i.embedder.EclipseLogger - Using 'UTF-8' encoding to copy filtered resources.
2019-05-01 21:53:37,173 [Worker-42] INFO  o.e.m.c.i.embedder.EclipseLogger - Copying 0 resource
2019-05-01 21:53:58,513 [Worker-43] INFO  o.e.m.c.i.embedder.EclipseLogger - Using 'UTF-8' encoding to copy filtered resources.
2019-05-01 21:53:58,515 [Worker-43] INFO  o.e.m.c.i.embedder.EclipseLogger - Copying 5 resources
2019-05-01 21:53:58,517 [Worker-43] INFO  o.e.m.c.i.embedder.EclipseLogger - Using 'UTF-8' encoding to copy filtered resources.
2019-05-01 21:53:58,518 [Worker-43] INFO  o.e.m.c.i.embedder.EclipseLogger - Copying 0 resource
2019-05-01 21:55:28,507 [Worker-43] INFO  o.e.m.c.i.embedder.EclipseLogger - Using 'UTF-8' encoding to copy filtered resources.
2019-05-01 21:55:28,524 [Worker-43] INFO  o.e.m.c.i.embedder.EclipseLogger - Copying 5 resources
2019-05-01 21:55:28,539 [Worker-43] INFO  o.e.m.c.i.embedder.EclipseLogger - Using 'UTF-8' encoding to copy filtered resources.
2019-05-01 21:55:28,539 [Worker-43] INFO  o.e.m.c.i.embedder.EclipseLogger - Copying 0 resource
2019-05-01 21:56:44,562 [Worker-42] INFO  o.e.m.c.i.embedder.EclipseLogger - Using 'UTF-8' encoding to copy filtered resources.
2019-05-01 21:56:44,564 [Worker-42] INFO  o.e.m.c.i.embedder.EclipseLogger - Copying 5 resources
2019-05-01 21:56:44,568 [Worker-42] INFO  o.e.m.c.i.embedder.EclipseLogger - Using 'UTF-8' encoding to copy filtered resources.
2019-05-01 21:56:44,569 [Worker-42] INFO  o.e.m.c.i.embedder.EclipseLogger - Copying 0 resource
2019-05-02 09:56:28,014 [Worker-9] INFO  o.e.m.c.i.embedder.EclipseLogger - Using 'UTF-8' encoding to copy filtered resources.
2019-05-02 09:56:28,024 [Worker-9] INFO  o.e.m.c.i.embedder.EclipseLogger - Copying 5 resources
2019-05-02 09:56:28,031 [Worker-9] INFO  o.e.m.c.i.embedder.EclipseLogger - Using 'UTF-8' encoding to copy filtered resources.
2019-05-02 09:56:28,032 [Worker-9] INFO  o.e.m.c.i.embedder.EclipseLogger - Copying 0 resource
2019-05-02 13:54:57,382 [Worker-79] INFO  o.e.m.c.i.embedder.EclipseLogger - Using 'UTF-8' encoding to copy filtered resources.
2019-05-02 13:54:57,388 [Worker-79] INFO  o.e.m.c.i.embedder.EclipseLogger - Copying 0 resource
2019-05-02 13:54:57,390 [Worker-79] INFO  o.e.m.c.i.embedder.EclipseLogger - Using 'UTF-8' encoding to copy filtered resources.
2019-05-02 13:54:57,390 [Worker-79] INFO  o.e.m.c.i.embedder.EclipseLogger - Copying 0 resource
2019-05-02 13:55:05,583 [Worker-8] INFO  o.e.m.c.i.embedder.EclipseLogger - Using 'UTF-8' encoding to copy filtered resources.
2019-05-02 13:55:05,584 [Worker-8] INFO  o.e.m.c.i.embedder.EclipseLogger - Copying 5 resources
2019-05-02 13:55:05,618 [Worker-8] INFO  o.e.m.c.i.embedder.EclipseLogger - Using 'UTF-8' encoding to copy filtered resources.
2019-05-02 13:55:05,618 [Worker-8] INFO  o.e.m.c.i.embedder.EclipseLogger - Copying 0 resource
2019-05-02 13:55:35,005 [Worker-79] INFO  o.e.m.c.i.embedder.EclipseLogger - Using 'UTF-8' encoding to copy filtered resources.
2019-05-02 13:55:35,011 [Worker-79] INFO  o.e.m.c.i.embedder.EclipseLogger - Copying 5 resources
2019-05-02 13:55:35,016 [Worker-79] INFO  o.e.m.c.i.embedder.EclipseLogger - Using 'UTF-8' encoding to copy filtered resources.
2019-05-02 13:55:35,016 [Worker-79] INFO  o.e.m.c.i.embedder.EclipseLogger - Copying 0 resource
2019-05-02 13:55:55,299 [Worker-79] INFO  o.e.m.c.i.embedder.EclipseLogger - Using 'UTF-8' encoding to copy filtered resources.
2019-05-02 13:55:55,300 [Worker-79] INFO  o.e.m.c.i.embedder.EclipseLogger - Copying 5 resources
2019-05-02 13:55:55,302 [Worker-79] INFO  o.e.m.c.i.embedder.EclipseLogger - Using 'UTF-8' encoding to copy filtered resources.
2019-05-02 13:55:55,302 [Worker-79] INFO  o.e.m.c.i.embedder.EclipseLogger - Copying 0 resource
2019-05-02 13:56:11,689 [Worker-77] INFO  o.e.m.c.i.embedder.EclipseLogger - Using 'UTF-8' encoding to copy filtered resources.
2019-05-02 13:56:11,695 [Worker-77] INFO  o.e.m.c.i.embedder.EclipseLogger - Copying 5 resources
2019-05-02 13:56:11,702 [Worker-77] INFO  o.e.m.c.i.embedder.EclipseLogger - Using 'UTF-8' encoding to copy filtered resources.
2019-05-02 13:56:11,702 [Worker-77] INFO  o.e.m.c.i.embedder.EclipseLogger - Copying 0 resource
2019-05-02 14:01:23,959 [Worker-70] INFO  o.e.m.c.i.embedder.EclipseLogger - Using 'UTF-8' encoding to copy filtered resources.
2019-05-02 14:01:23,960 [Worker-70] INFO  o.e.m.c.i.embedder.EclipseLogger - Copying 5 resources
2019-05-02 14:01:23,963 [Worker-70] INFO  o.e.m.c.i.embedder.EclipseLogger - Using 'UTF-8' encoding to copy filtered resources.
2019-05-02 14:01:23,964 [Worker-70] INFO  o.e.m.c.i.embedder.EclipseLogger - Copying 0 resource
2019-05-02 14:06:16,587 [Worker-83] INFO  o.e.m.c.i.embedder.EclipseLogger - Using 'UTF-8' encoding to copy filtered resources.
2019-05-02 14:06:16,591 [Worker-83] INFO  o.e.m.c.i.embedder.EclipseLogger - Copying 5 resources
2019-05-02 14:06:16,599 [Worker-83] INFO  o.e.m.c.i.embedder.EclipseLogger - Using 'UTF-8' encoding to copy filtered resources.
2019-05-02 14:06:16,599 [Worker-83] INFO  o.e.m.c.i.embedder.EclipseLogger - Copying 0 resource
2019-05-02 14:08:48,321 [Worker-79] INFO  o.e.m.c.i.embedder.EclipseLogger - Using 'UTF-8' encoding to copy filtered resources.
2019-05-02 14:08:48,322 [Worker-79] INFO  o.e.m.c.i.embedder.EclipseLogger - Copying 5 resources
2019-05-02 14:08:48,326 [Worker-79] INFO  o.e.m.c.i.embedder.EclipseLogger - Using 'UTF-8' encoding to copy filtered resources.
2019-05-02 14:08:48,326 [Worker-79] INFO  o.e.m.c.i.embedder.EclipseLogger - Copying 0 resource
2019-05-02 14:16:13,134 [Worker-77] INFO  o.e.m.c.i.embedder.EclipseLogger - Using 'UTF-8' encoding to copy filtered resources.
2019-05-02 14:16:13,140 [Worker-77] INFO  o.e.m.c.i.embedder.EclipseLogger - Copying 5 resources
2019-05-02 14:16:13,146 [Worker-77] INFO  o.e.m.c.i.embedder.EclipseLogger - Using 'UTF-8' encoding to copy filtered resources.
2019-05-02 14:16:13,146 [Worker-77] INFO  o.e.m.c.i.embedder.EclipseLogger - Copying 0 resource
2019-05-02 14:23:04,801 [Worker-87] INFO  o.e.m.c.i.embedder.EclipseLogger - Using 'UTF-8' encoding to copy filtered resources.
2019-05-02 14:23:04,804 [Worker-87] INFO  o.e.m.c.i.embedder.EclipseLogger - Copying 5 resources
2019-05-02 14:23:04,809 [Worker-87] INFO  o.e.m.c.i.embedder.EclipseLogger - Using 'UTF-8' encoding to copy filtered resources.
2019-05-02 14:23:04,809 [Worker-87] INFO  o.e.m.c.i.embedder.EclipseLogger - Copying 0 resource
2019-05-02 14:23:09,565 [Worker-88] INFO  o.e.m.c.i.embedder.EclipseLogger - Using 'UTF-8' encoding to copy filtered resources.
2019-05-02 14:23:09,574 [Worker-88] INFO  o.e.m.c.i.embedder.EclipseLogger - Copying 5 resources
2019-05-02 14:23:09,584 [Worker-88] INFO  o.e.m.c.i.embedder.EclipseLogger - Using 'UTF-8' encoding to copy filtered resources.
2019-05-02 14:23:09,584 [Worker-88] INFO  o.e.m.c.i.embedder.EclipseLogger - Copying 0 resource
2019-05-02 14:23:13,157 [Worker-88] INFO  o.e.m.c.i.embedder.EclipseLogger - Using 'UTF-8' encoding to copy filtered resources.
2019-05-02 14:23:13,158 [Worker-88] INFO  o.e.m.c.i.embedder.EclipseLogger - Copying 5 resources
2019-05-02 14:23:13,161 [Worker-88] INFO  o.e.m.c.i.embedder.EclipseLogger - Using 'UTF-8' encoding to copy filtered resources.
2019-05-02 14:23:13,161 [Worker-88] INFO  o.e.m.c.i.embedder.EclipseLogger - Copying 0 resource
2019-05-02 14:25:02,634 [Worker-87] INFO  o.e.m.c.i.embedder.EclipseLogger - Using 'UTF-8' encoding to copy filtered resources.
2019-05-02 14:25:02,649 [Worker-87] INFO  o.e.m.c.i.embedder.EclipseLogger - Copying 5 resources
2019-05-02 14:25:02,664 [Worker-87] INFO  o.e.m.c.i.embedder.EclipseLogger - Using 'UTF-8' encoding to copy filtered resources.
2019-05-02 14:25:02,665 [Worker-87] INFO  o.e.m.c.i.embedder.EclipseLogger - Copying 0 resource
2019-05-02 14:26:50,050 [Worker-86] INFO  o.e.m.c.i.embedder.EclipseLogger - Using 'UTF-8' encoding to copy filtered resources.
2019-05-02 14:26:50,051 [Worker-86] INFO  o.e.m.c.i.embedder.EclipseLogger - Copying 5 resources
2019-05-02 14:26:50,054 [Worker-86] INFO  o.e.m.c.i.embedder.EclipseLogger - Using 'UTF-8' encoding to copy filtered resources.
2019-05-02 14:26:50,055 [Worker-86] INFO  o.e.m.c.i.embedder.EclipseLogger - Copying 0 resource
2019-05-02 14:42:06,210 [Worker-96] INFO  o.e.m.c.i.embedder.EclipseLogger - Using 'UTF-8' encoding to copy filtered resources.
2019-05-02 14:42:06,222 [Worker-96] INFO  o.e.m.c.i.embedder.EclipseLogger - Copying 5 resources
2019-05-02 14:42:06,232 [Worker-96] INFO  o.e.m.c.i.embedder.EclipseLogger - Using 'UTF-8' encoding to copy filtered resources.
2019-05-02 14:42:06,233 [Worker-96] INFO  o.e.m.c.i.embedder.EclipseLogger - Copying 0 resource
2019-05-02 14:43:21,104 [Worker-92] INFO  o.e.m.c.i.embedder.EclipseLogger - Using 'UTF-8' encoding to copy filtered resources.
2019-05-02 14:43:21,105 [Worker-92] INFO  o.e.m.c.i.embedder.EclipseLogger - Copying 5 resources
2019-05-02 14:43:21,108 [Worker-92] INFO  o.e.m.c.i.embedder.EclipseLogger - Using 'UTF-8' encoding to copy filtered resources.
2019-05-02 14:43:21,109 [Worker-92] INFO  o.e.m.c.i.embedder.EclipseLogger - Copying 0 resource
2019-05-02 15:39:24,308 [Worker-118] INFO  o.e.m.c.i.embedder.EclipseLogger - Using 'UTF-8' encoding to copy filtered resources.
2019-05-02 15:39:24,327 [Worker-118] INFO  o.e.m.c.i.embedder.EclipseLogger - Copying 5 resources
2019-05-02 15:39:24,340 [Worker-118] INFO  o.e.m.c.i.embedder.EclipseLogger - Using 'UTF-8' encoding to copy filtered resources.
2019-05-02 15:39:24,341 [Worker-118] INFO  o.e.m.c.i.embedder.EclipseLogger - Copying 0 resource
2019-05-02 15:44:40,097 [Worker-125] INFO  o.e.m.c.i.embedder.EclipseLogger - Using 'UTF-8' encoding to copy filtered resources.
2019-05-02 15:44:40,098 [Worker-125] INFO  o.e.m.c.i.embedder.EclipseLogger - Copying 5 resources
2019-05-02 15:44:40,100 [Worker-125] INFO  o.e.m.c.i.embedder.EclipseLogger - Using 'UTF-8' encoding to copy filtered resources.
2019-05-02 15:44:40,100 [Worker-125] INFO  o.e.m.c.i.embedder.EclipseLogger - Copying 0 resource
2019-05-02 15:46:23,881 [Worker-126] INFO  o.e.m.c.i.embedder.EclipseLogger - Using 'UTF-8' encoding to copy filtered resources.
2019-05-02 15:46:23,887 [Worker-126] INFO  o.e.m.c.i.embedder.EclipseLogger - Copying 5 resources
2019-05-02 15:46:23,892 [Worker-126] INFO  o.e.m.c.i.embedder.EclipseLogger - Using 'UTF-8' encoding to copy filtered resources.
2019-05-02 15:46:23,893 [Worker-126] INFO  o.e.m.c.i.embedder.EclipseLogger - Copying 0 resource
2019-05-02 15:48:06,368 [Worker-126] INFO  o.e.m.c.i.embedder.EclipseLogger - Using 'UTF-8' encoding to copy filtered resources.
2019-05-02 15:48:06,369 [Worker-126] INFO  o.e.m.c.i.embedder.EclipseLogger - Copying 5 resources
2019-05-02 15:48:06,371 [Worker-126] INFO  o.e.m.c.i.embedder.EclipseLogger - Using 'UTF-8' encoding to copy filtered resources.
2019-05-02 15:48:06,371 [Worker-126] INFO  o.e.m.c.i.embedder.EclipseLogger - Copying 0 resource
2019-05-02 15:56:19,845 [Worker-131] INFO  o.e.m.c.i.embedder.EclipseLogger - Using 'UTF-8' encoding to copy filtered resources.
2019-05-02 15:56:19,851 [Worker-131] INFO  o.e.m.c.i.embedder.EclipseLogger - Copying 5 resources
2019-05-02 15:56:19,854 [Worker-131] INFO  o.e.m.c.i.embedder.EclipseLogger - Using 'UTF-8' encoding to copy filtered resources.
2019-05-02 15:56:19,854 [Worker-131] INFO  o.e.m.c.i.embedder.EclipseLogger - Copying 0 resource
2019-05-02 16:00:48,517 [Worker-134] INFO  o.e.m.c.i.embedder.EclipseLogger - Using 'UTF-8' encoding to copy filtered resources.
2019-05-02 16:00:48,518 [Worker-134] INFO  o.e.m.c.i.embedder.EclipseLogger - Copying 5 resources
2019-05-02 16:00:48,519 [Worker-134] INFO  o.e.m.c.i.embedder.EclipseLogger - Using 'UTF-8' encoding to copy filtered resources.
2019-05-02 16:00:48,519 [Worker-134] INFO  o.e.m.c.i.embedder.EclipseLogger - Copying 0 resource
2019-05-02 17:39:47,349 [Worker-161] INFO  o.e.m.c.i.embedder.EclipseLogger - Using 'UTF-8' encoding to copy filtered resources.
2019-05-02 17:39:47,353 [Worker-161] INFO  o.e.m.c.i.embedder.EclipseLogger - Copying 5 resources
2019-05-02 17:39:47,358 [Worker-161] INFO  o.e.m.c.i.embedder.EclipseLogger - Using 'UTF-8' encoding to copy filtered resources.
2019-05-02 17:39:47,359 [Worker-161] INFO  o.e.m.c.i.embedder.EclipseLogger - Copying 0 resource
2019-05-02 17:39:57,523 [Worker-160] INFO  o.e.m.c.i.embedder.EclipseLogger - Using 'UTF-8' encoding to copy filtered resources.
2019-05-02 17:39:57,524 [Worker-160] INFO  o.e.m.c.i.embedder.EclipseLogger - Copying 5 resources
2019-05-02 17:39:57,525 [Worker-160] INFO  o.e.m.c.i.embedder.EclipseLogger - Using 'UTF-8' encoding to copy filtered resources.
2019-05-02 17:39:57,525 [Worker-160] INFO  o.e.m.c.i.embedder.EclipseLogger - Copying 0 resource
2019-05-02 20:30:17,537 [Worker-167] INFO  o.e.m.c.i.embedder.EclipseLogger - Using 'UTF-8' encoding to copy filtered resources.
2019-05-02 20:30:17,554 [Worker-167] INFO  o.e.m.c.i.embedder.EclipseLogger - Copying 5 resources
2019-05-02 20:30:17,558 [Worker-167] INFO  o.e.m.c.i.embedder.EclipseLogger - Using 'UTF-8' encoding to copy filtered resources.
2019-05-02 20:30:17,558 [Worker-167] INFO  o.e.m.c.i.embedder.EclipseLogger - Copying 0 resource
2019-05-02 20:35:30,318 [Worker-171] INFO  o.e.m.c.i.embedder.EclipseLogger - Using 'UTF-8' encoding to copy filtered resources.
2019-05-02 20:35:30,319 [Worker-171] INFO  o.e.m.c.i.embedder.EclipseLogger - Copying 5 resources
2019-05-02 20:35:30,320 [Worker-171] INFO  o.e.m.c.i.embedder.EclipseLogger - Using 'UTF-8' encoding to copy filtered resources.
2019-05-02 20:35:30,320 [Worker-171] INFO  o.e.m.c.i.embedder.EclipseLogger - Copying 0 resource
2019-05-02 20:48:56,104 [Worker-95] INFO  o.e.m.c.i.embedder.EclipseLogger - Using 'UTF-8' encoding to copy filtered resources.
2019-05-02 20:48:56,111 [Worker-95] INFO  o.e.m.c.i.embedder.EclipseLogger - Copying 0 resource
2019-05-02 20:48:56,116 [Worker-95] INFO  o.e.m.c.i.embedder.EclipseLogger - Using 'UTF-8' encoding to copy filtered resources.
2019-05-02 20:48:56,117 [Worker-95] INFO  o.e.m.c.i.embedder.EclipseLogger - Copying 0 resource
2019-05-02 20:49:05,001 [Worker-95] INFO  o.e.m.c.i.embedder.EclipseLogger - Using 'UTF-8' encoding to copy filtered resources.
2019-05-02 20:49:05,001 [Worker-95] INFO  o.e.m.c.i.embedder.EclipseLogger - Copying 5 resources
2019-05-02 20:49:05,025 [Worker-95] INFO  o.e.m.c.i.embedder.EclipseLogger - Using 'UTF-8' encoding to copy filtered resources.
2019-05-02 20:49:05,025 [Worker-95] INFO  o.e.m.c.i.embedder.EclipseLogger - Copying 0 resource
2019-05-02 20:51:08,986 [Worker-179] INFO  o.e.m.c.i.embedder.EclipseLogger - Using 'UTF-8' encoding to copy filtered resources.
2019-05-02 20:51:08,996 [Worker-179] INFO  o.e.m.c.i.embedder.EclipseLogger - Copying 5 resources
2019-05-02 20:51:09,004 [Worker-179] INFO  o.e.m.c.i.embedder.EclipseLogger - Using 'UTF-8' encoding to copy filtered resources.
2019-05-02 20:51:09,005 [Worker-179] INFO  o.e.m.c.i.embedder.EclipseLogger - Copying 0 resource
2019-05-02 20:51:53,201 [Worker-178] INFO  o.e.m.c.i.embedder.EclipseLogger - Using 'UTF-8' encoding to copy filtered resources.
2019-05-02 20:51:53,202 [Worker-178] INFO  o.e.m.c.i.embedder.EclipseLogger - Copying 5 resources
2019-05-02 20:51:53,203 [Worker-178] INFO  o.e.m.c.i.embedder.EclipseLogger - Using 'UTF-8' encoding to copy filtered resources.
2019-05-02 20:51:53,203 [Worker-178] INFO  o.e.m.c.i.embedder.EclipseLogger - Copying 0 resource
2019-05-02 20:54:25,218 [Worker-178] INFO  o.e.m.c.i.embedder.EclipseLogger - Using 'UTF-8' encoding to copy filtered resources.
2019-05-02 20:54:25,225 [Worker-178] INFO  o.e.m.c.i.embedder.EclipseLogger - Copying 5 resources
2019-05-02 20:54:25,229 [Worker-178] INFO  o.e.m.c.i.embedder.EclipseLogger - Using 'UTF-8' encoding to copy filtered resources.
2019-05-02 20:54:25,229 [Worker-178] INFO  o.e.m.c.i.embedder.EclipseLogger - Copying 0 resource
2019-05-02 21:04:57,979 [Worker-186] INFO  o.e.m.c.i.embedder.EclipseLogger - Using 'UTF-8' encoding to copy filtered resources.
2019-05-02 21:04:57,980 [Worker-186] INFO  o.e.m.c.i.embedder.EclipseLogger - Copying 5 resources
2019-05-02 21:04:57,982 [Worker-186] INFO  o.e.m.c.i.embedder.EclipseLogger - Using 'UTF-8' encoding to copy filtered resources.
2019-05-02 21:04:57,982 [Worker-186] INFO  o.e.m.c.i.embedder.EclipseLogger - Copying 0 resource
2019-05-02 21:28:27,349 [Worker-186] INFO  o.e.m.c.i.embedder.EclipseLogger - Using 'UTF-8' encoding to copy filtered resources.
2019-05-02 21:28:27,355 [Worker-186] INFO  o.e.m.c.i.embedder.EclipseLogger - Copying 5 resources
2019-05-02 21:28:27,359 [Worker-186] INFO  o.e.m.c.i.embedder.EclipseLogger - Using 'UTF-8' encoding to copy filtered resources.
2019-05-02 21:28:27,359 [Worker-186] INFO  o.e.m.c.i.embedder.EclipseLogger - Copying 0 resource
2019-05-02 21:30:20,085 [Worker-204] INFO  o.e.m.c.i.embedder.EclipseLogger - Using 'UTF-8' encoding to copy filtered resources.
2019-05-02 21:30:20,086 [Worker-204] INFO  o.e.m.c.i.embedder.EclipseLogger - Copying 5 resources
2019-05-02 21:30:20,088 [Worker-204] INFO  o.e.m.c.i.embedder.EclipseLogger - Using 'UTF-8' encoding to copy filtered resources.
2019-05-02 21:30:20,088 [Worker-204] INFO  o.e.m.c.i.embedder.EclipseLogger - Copying 0 resource
2019-05-02 21:30:38,455 [Worker-204] INFO  o.e.m.c.i.embedder.EclipseLogger - Using 'UTF-8' encoding to copy filtered resources.
2019-05-02 21:30:38,462 [Worker-204] INFO  o.e.m.c.i.embedder.EclipseLogger - Copying 5 resources
2019-05-02 21:30:38,469 [Worker-204] INFO  o.e.m.c.i.embedder.EclipseLogger - Using 'UTF-8' encoding to copy filtered resources.
2019-05-02 21:30:38,469 [Worker-204] INFO  o.e.m.c.i.embedder.EclipseLogger - Copying 0 resource
2019-05-02 21:30:55,226 [Worker-186] INFO  o.e.m.c.i.embedder.EclipseLogger - Using 'UTF-8' encoding to copy filtered resources.
2019-05-02 21:30:55,227 [Worker-186] INFO  o.e.m.c.i.embedder.EclipseLogger - Copying 5 resources
2019-05-02 21:30:55,227 [Worker-186] INFO  o.e.m.c.i.embedder.EclipseLogger - Using 'UTF-8' encoding to copy filtered resources.
2019-05-02 21:30:55,228 [Worker-186] INFO  o.e.m.c.i.embedder.EclipseLogger - Copying 0 resource
2019-05-02 21:31:09,770 [Worker-205] INFO  o.e.m.c.i.embedder.EclipseLogger - Using 'UTF-8' encoding to copy filtered resources.
2019-05-02 21:31:09,775 [Worker-205] INFO  o.e.m.c.i.embedder.EclipseLogger - Copying 5 resources
2019-05-02 21:31:09,779 [Worker-205] INFO  o.e.m.c.i.embedder.EclipseLogger - Using 'UTF-8' encoding to copy filtered resources.
2019-05-02 21:31:09,779 [Worker-205] INFO  o.e.m.c.i.embedder.EclipseLogger - Copying 0 resource
2019-05-02 21:31:35,208 [Worker-206] INFO  o.e.m.c.i.embedder.EclipseLogger - Using 'UTF-8' encoding to copy filtered resources.
2019-05-02 21:31:35,209 [Worker-206] INFO  o.e.m.c.i.embedder.EclipseLogger - Copying 5 resources
2019-05-02 21:31:35,211 [Worker-206] INFO  o.e.m.c.i.embedder.EclipseLogger - Using 'UTF-8' encoding to copy filtered resources.
2019-05-02 21:31:35,212 [Worker-206] INFO  o.e.m.c.i.embedder.EclipseLogger - Copying 0 resource
2019-05-02 21:34:27,376 [Worker-204] INFO  o.e.m.c.i.embedder.EclipseLogger - Using 'UTF-8' encoding to copy filtered resources.
2019-05-02 21:34:27,380 [Worker-204] INFO  o.e.m.c.i.embedder.EclipseLogger - Copying 5 resources
2019-05-02 21:34:27,384 [Worker-204] INFO  o.e.m.c.i.embedder.EclipseLogger - Using 'UTF-8' encoding to copy filtered resources.
2019-05-02 21:34:27,384 [Worker-204] INFO  o.e.m.c.i.embedder.EclipseLogger - Copying 0 resource
2019-05-02 21:41:09,597 [Worker-208] INFO  o.e.m.c.i.embedder.EclipseLogger - Using 'UTF-8' encoding to copy filtered resources.
2019-05-02 21:41:09,598 [Worker-208] INFO  o.e.m.c.i.embedder.EclipseLogger - Copying 5 resources
2019-05-02 21:41:09,599 [Worker-208] INFO  o.e.m.c.i.embedder.EclipseLogger - Using 'UTF-8' encoding to copy filtered resources.
2019-05-02 21:41:09,599 [Worker-208] INFO  o.e.m.c.i.embedder.EclipseLogger - Copying 0 resource
2019-05-02 21:41:53,219 [Worker-202] INFO  o.e.m.c.i.embedder.EclipseLogger - Using 'UTF-8' encoding to copy filtered resources.
2019-05-02 21:41:53,224 [Worker-202] INFO  o.e.m.c.i.embedder.EclipseLogger - Copying 5 resources
2019-05-02 21:41:53,229 [Worker-202] INFO  o.e.m.c.i.embedder.EclipseLogger - Using 'UTF-8' encoding to copy filtered resources.
2019-05-02 21:41:53,229 [Worker-202] INFO  o.e.m.c.i.embedder.EclipseLogger - Copying 0 resource
2019-05-02 21:53:27,417 [Worker-214] INFO  o.e.m.c.i.embedder.EclipseLogger - Using 'UTF-8' encoding to copy filtered resources.
2019-05-02 21:53:27,418 [Worker-214] INFO  o.e.m.c.i.embedder.EclipseLogger - Copying 5 resources
2019-05-02 21:53:27,419 [Worker-214] INFO  o.e.m.c.i.embedder.EclipseLogger - Using 'UTF-8' encoding to copy filtered resources.
2019-05-02 21:53:27,419 [Worker-214] INFO  o.e.m.c.i.embedder.EclipseLogger - Copying 0 resource
2019-05-02 22:01:06,615 [Worker-216] INFO  o.e.m.c.i.embedder.EclipseLogger - Using 'UTF-8' encoding to copy filtered resources.
2019-05-02 22:01:06,632 [Worker-216] INFO  o.e.m.c.i.embedder.EclipseLogger - Copying 5 resources
2019-05-02 22:01:06,637 [Worker-216] INFO  o.e.m.c.i.embedder.EclipseLogger - Using 'UTF-8' encoding to copy filtered resources.
2019-05-02 22:01:06,637 [Worker-216] INFO  o.e.m.c.i.embedder.EclipseLogger - Copying 0 resource
2019-05-02 22:01:38,703 [Worker-219] INFO  o.e.m.c.i.embedder.EclipseLogger - Using 'UTF-8' encoding to copy filtered resources.
2019-05-02 22:01:38,705 [Worker-219] INFO  o.e.m.c.i.embedder.EclipseLogger - Copying 5 resources
2019-05-02 22:01:38,707 [Worker-219] INFO  o.e.m.c.i.embedder.EclipseLogger - Using 'UTF-8' encoding to copy filtered resources.
2019-05-02 22:01:38,708 [Worker-219] INFO  o.e.m.c.i.embedder.EclipseLogger - Copying 0 resource
2019-05-02 22:03:28,418 [Worker-202] INFO  o.e.m.c.i.embedder.EclipseLogger - Using 'UTF-8' encoding to copy filtered resources.
2019-05-02 22:03:28,422 [Worker-202] INFO  o.e.m.c.i.embedder.EclipseLogger - Copying 5 resources
2019-05-02 22:03:28,426 [Worker-202] INFO  o.e.m.c.i.embedder.EclipseLogger - Using 'UTF-8' encoding to copy filtered resources.
2019-05-02 22:03:28,426 [Worker-202] INFO  o.e.m.c.i.embedder.EclipseLogger - Copying 0 resource
2019-05-02 22:04:26,928 [Worker-220] INFO  o.e.m.c.i.embedder.EclipseLogger - Using 'UTF-8' encoding to copy filtered resources.
2019-05-02 22:04:26,929 [Worker-220] INFO  o.e.m.c.i.embedder.EclipseLogger - Copying 5 resources
2019-05-02 22:04:26,932 [Worker-220] INFO  o.e.m.c.i.embedder.EclipseLogger - Using 'UTF-8' encoding to copy filtered resources.
2019-05-02 22:04:26,932 [Worker-220] INFO  o.e.m.c.i.embedder.EclipseLogger - Copying 0 resource
2019-05-02 22:04:43,005 [Worker-220] INFO  o.e.m.c.i.embedder.EclipseLogger - Using 'UTF-8' encoding to copy filtered resources.
2019-05-02 22:04:43,010 [Worker-220] INFO  o.e.m.c.i.embedder.EclipseLogger - Copying 5 resources
2019-05-02 22:04:43,015 [Worker-220] INFO  o.e.m.c.i.embedder.EclipseLogger - Using 'UTF-8' encoding to copy filtered resources.
2019-05-02 22:04:43,015 [Worker-220] INFO  o.e.m.c.i.embedder.EclipseLogger - Copying 0 resource
2019-05-02 23:19:53,653 [Worker-225] INFO  o.e.m.c.i.embedder.EclipseLogger - Using 'UTF-8' encoding to copy filtered resources.
2019-05-02 23:19:53,653 [Worker-225] INFO  o.e.m.c.i.embedder.EclipseLogger - Copying 5 resources
2019-05-02 23:19:53,653 [Worker-225] INFO  o.e.m.c.i.embedder.EclipseLogger - Using 'UTF-8' encoding to copy filtered resources.
2019-05-02 23:19:53,654 [Worker-225] INFO  o.e.m.c.i.embedder.EclipseLogger - Copying 0 resource
2019-05-02 23:22:28,265 [Worker-247] INFO  o.e.m.c.i.embedder.EclipseLogger - Using 'UTF-8' encoding to copy filtered resources.
2019-05-02 23:22:28,270 [Worker-247] INFO  o.e.m.c.i.embedder.EclipseLogger - Copying 5 resources
2019-05-02 23:22:28,277 [Worker-247] INFO  o.e.m.c.i.embedder.EclipseLogger - Using 'UTF-8' encoding to copy filtered resources.
2019-05-02 23:22:28,277 [Worker-247] INFO  o.e.m.c.i.embedder.EclipseLogger - Copying 0 resource
2019-05-02 23:35:27,587 [Worker-250] INFO  o.e.m.c.i.embedder.EclipseLogger - Using 'UTF-8' encoding to copy filtered resources.
2019-05-02 23:35:27,588 [Worker-250] INFO  o.e.m.c.i.embedder.EclipseLogger - Copying 5 resources
2019-05-02 23:35:27,590 [Worker-250] INFO  o.e.m.c.i.embedder.EclipseLogger - Using 'UTF-8' encoding to copy filtered resources.
2019-05-02 23:35:27,590 [Worker-250] INFO  o.e.m.c.i.embedder.EclipseLogger - Copying 0 resource
2019-05-02 23:36:15,093 [Worker-250] INFO  o.e.m.c.i.embedder.EclipseLogger - Using 'UTF-8' encoding to copy filtered resources.
2019-05-02 23:36:15,098 [Worker-250] INFO  o.e.m.c.i.embedder.EclipseLogger - Copying 5 resources
2019-05-02 23:36:15,111 [Worker-250] INFO  o.e.m.c.i.embedder.EclipseLogger - Using 'UTF-8' encoding to copy filtered resources.
2019-05-02 23:36:15,111 [Worker-250] INFO  o.e.m.c.i.embedder.EclipseLogger - Copying 0 resource
2019-05-02 23:37:45,941 [Worker-255] INFO  o.e.m.c.i.embedder.EclipseLogger - Using 'UTF-8' encoding to copy filtered resources.
2019-05-02 23:37:45,942 [Worker-255] INFO  o.e.m.c.i.embedder.EclipseLogger - Copying 5 resources
2019-05-02 23:37:45,943 [Worker-255] INFO  o.e.m.c.i.embedder.EclipseLogger - Using 'UTF-8' encoding to copy filtered resources.
2019-05-02 23:37:45,943 [Worker-255] INFO  o.e.m.c.i.embedder.EclipseLogger - Copying 0 resource
2019-05-02 23:42:57,458 [Worker-246] INFO  o.e.m.c.i.embedder.EclipseLogger - Using 'UTF-8' encoding to copy filtered resources.
2019-05-02 23:42:57,470 [Worker-246] INFO  o.e.m.c.i.embedder.EclipseLogger - Copying 5 resources
2019-05-02 23:42:57,475 [Worker-246] INFO  o.e.m.c.i.embedder.EclipseLogger - Using 'UTF-8' encoding to copy filtered resources.
2019-05-02 23:42:57,475 [Worker-246] INFO  o.e.m.c.i.embedder.EclipseLogger - Copying 0 resource
2019-05-02 23:43:33,711 [Worker-256] INFO  o.e.m.c.i.embedder.EclipseLogger - Using 'UTF-8' encoding to copy filtered resources.
2019-05-02 23:43:33,712 [Worker-256] INFO  o.e.m.c.i.embedder.EclipseLogger - Copying 5 resources
2019-05-02 23:43:33,713 [Worker-256] INFO  o.e.m.c.i.embedder.EclipseLogger - Using 'UTF-8' encoding to copy filtered resources.
2019-05-02 23:43:33,713 [Worker-256] INFO  o.e.m.c.i.embedder.EclipseLogger - Copying 0 resource
2019-05-02 23:44:08,750 [Worker-254] INFO  o.e.m.c.i.embedder.EclipseLogger - Using 'UTF-8' encoding to copy filtered resources.
2019-05-02 23:44:08,757 [Worker-254] INFO  o.e.m.c.i.embedder.EclipseLogger - Copying 5 resources
2019-05-02 23:44:08,762 [Worker-254] INFO  o.e.m.c.i.embedder.EclipseLogger - Using 'UTF-8' encoding to copy filtered resources.
2019-05-02 23:44:08,763 [Worker-254] INFO  o.e.m.c.i.embedder.EclipseLogger - Copying 0 resource
2019-05-02 23:45:43,083 [Worker-256] INFO  o.e.m.c.i.embedder.EclipseLogger - Using 'UTF-8' encoding to copy filtered resources.
2019-05-02 23:45:43,084 [Worker-256] INFO  o.e.m.c.i.embedder.EclipseLogger - Copying 5 resources
2019-05-02 23:45:43,086 [Worker-256] INFO  o.e.m.c.i.embedder.EclipseLogger - Using 'UTF-8' encoding to copy filtered resources.
2019-05-02 23:45:43,086 [Worker-256] INFO  o.e.m.c.i.embedder.EclipseLogger - Copying 0 resource
2019-05-02 23:47:49,537 [Worker-251] INFO  o.e.m.c.i.embedder.EclipseLogger - Using 'UTF-8' encoding to copy filtered resources.
2019-05-02 23:47:49,550 [Worker-251] INFO  o.e.m.c.i.embedder.EclipseLogger - Copying 5 resources
2019-05-02 23:47:49,555 [Worker-251] INFO  o.e.m.c.i.embedder.EclipseLogger - Using 'UTF-8' encoding to copy filtered resources.
2019-05-02 23:47:49,555 [Worker-251] INFO  o.e.m.c.i.embedder.EclipseLogger - Copying 0 resource
2019-05-03 14:20:44,056 [Worker-285] INFO  o.e.m.c.i.embedder.EclipseLogger - Using 'UTF-8' encoding to copy filtered resources.
2019-05-03 14:20:44,060 [Worker-285] INFO  o.e.m.c.i.embedder.EclipseLogger - Copying 5 resources
2019-05-03 14:20:44,062 [Worker-285] INFO  o.e.m.c.i.embedder.EclipseLogger - Using 'UTF-8' encoding to copy filtered resources.
2019-05-03 14:20:44,063 [Worker-285] INFO  o.e.m.c.i.embedder.EclipseLogger - Copying 0 resource
2019-05-03 14:24:12,617 [Worker-294] INFO  o.e.m.c.i.embedder.EclipseLogger - Using 'UTF-8' encoding to copy filtered resources.
2019-05-03 14:24:12,633 [Worker-294] INFO  o.e.m.c.i.embedder.EclipseLogger - Copying 5 resources
2019-05-03 14:24:12,649 [Worker-294] INFO  o.e.m.c.i.embedder.EclipseLogger - Using 'UTF-8' encoding to copy filtered resources.
2019-05-03 14:24:12,650 [Worker-294] INFO  o.e.m.c.i.embedder.EclipseLogger - Copying 0 resource
2019-05-03 14:24:48,384 [Worker-294] INFO  o.e.m.c.i.embedder.EclipseLogger - Using 'UTF-8' encoding to copy filtered resources.
2019-05-03 14:24:48,385 [Worker-294] INFO  o.e.m.c.i.embedder.EclipseLogger - Copying 5 resources
2019-05-03 14:24:48,387 [Worker-294] INFO  o.e.m.c.i.embedder.EclipseLogger - Using 'UTF-8' encoding to copy filtered resources.
2019-05-03 14:24:48,387 [Worker-294] INFO  o.e.m.c.i.embedder.EclipseLogger - Copying 0 resource
2019-05-03 14:26:50,273 [Worker-291] INFO  o.e.m.c.i.embedder.EclipseLogger - Using 'UTF-8' encoding to copy filtered resources.
2019-05-03 14:26:50,282 [Worker-291] INFO  o.e.m.c.i.embedder.EclipseLogger - Copying 5 resources
2019-05-03 14:26:50,291 [Worker-291] INFO  o.e.m.c.i.embedder.EclipseLogger - Using 'UTF-8' encoding to copy filtered resources.
2019-05-03 14:26:50,291 [Worker-291] INFO  o.e.m.c.i.embedder.EclipseLogger - Copying 0 resource
2019-05-03 14:28:38,352 [Worker-290] INFO  o.e.m.c.i.embedder.EclipseLogger - Using 'UTF-8' encoding to copy filtered resources.
2019-05-03 14:28:38,354 [Worker-290] INFO  o.e.m.c.i.embedder.EclipseLogger - Copying 5 resources
2019-05-03 14:28:38,358 [Worker-290] INFO  o.e.m.c.i.embedder.EclipseLogger - Using 'UTF-8' encoding to copy filtered resources.
2019-05-03 14:28:38,358 [Worker-290] INFO  o.e.m.c.i.embedder.EclipseLogger - Copying 0 resource
2019-05-03 17:03:01,631 [Worker-292] INFO  o.e.m.c.i.embedder.EclipseLogger - Using 'UTF-8' encoding to copy filtered resources.
2019-05-03 17:03:01,635 [Worker-292] INFO  o.e.m.c.i.embedder.EclipseLogger - Copying 5 resources
2019-05-03 17:03:01,640 [Worker-292] INFO  o.e.m.c.i.embedder.EclipseLogger - Using 'UTF-8' encoding to copy filtered resources.
2019-05-03 17:03:01,641 [Worker-292] INFO  o.e.m.c.i.embedder.EclipseLogger - Copying 0 resource
2019-05-03 17:09:43,076 [Worker-290] INFO  o.e.m.c.i.embedder.EclipseLogger - Using 'UTF-8' encoding to copy filtered resources.
2019-05-03 17:09:43,077 [Worker-290] INFO  o.e.m.c.i.embedder.EclipseLogger - Copying 5 resources
2019-05-03 17:09:43,078 [Worker-290] INFO  o.e.m.c.i.embedder.EclipseLogger - Using 'UTF-8' encoding to copy filtered resources.
2019-05-03 17:09:43,078 [Worker-290] INFO  o.e.m.c.i.embedder.EclipseLogger - Copying 0 resource
2019-05-03 17:10:36,961 [Worker-297] INFO  o.e.m.c.i.embedder.EclipseLogger - Using 'UTF-8' encoding to copy filtered resources.
2019-05-03 17:10:36,972 [Worker-297] INFO  o.e.m.c.i.embedder.EclipseLogger - Copying 5 resources
2019-05-03 17:10:36,981 [Worker-297] INFO  o.e.m.c.i.embedder.EclipseLogger - Using 'UTF-8' encoding to copy filtered resources.
2019-05-03 17:10:36,982 [Worker-297] INFO  o.e.m.c.i.embedder.EclipseLogger - Copying 0 resource
2019-05-03 17:10:50,944 [Worker-290] INFO  o.e.m.c.i.embedder.EclipseLogger - Using 'UTF-8' encoding to copy filtered resources.
2019-05-03 17:10:50,946 [Worker-290] INFO  o.e.m.c.i.embedder.EclipseLogger - Copying 5 resources
2019-05-03 17:10:50,948 [Worker-290] INFO  o.e.m.c.i.embedder.EclipseLogger - Using 'UTF-8' encoding to copy filtered resources.
2019-05-03 17:10:50,948 [Worker-290] INFO  o.e.m.c.i.embedder.EclipseLogger - Copying 0 resource
2019-05-03 17:11:28,451 [Worker-290] INFO  o.e.m.c.i.embedder.EclipseLogger - Using 'UTF-8' encoding to copy filtered resources.
2019-05-03 17:11:28,464 [Worker-290] INFO  o.e.m.c.i.embedder.EclipseLogger - Copying 5 resources
2019-05-03 17:11:28,474 [Worker-290] INFO  o.e.m.c.i.embedder.EclipseLogger - Using 'UTF-8' encoding to copy filtered resources.
2019-05-03 17:11:28,475 [Worker-290] INFO  o.e.m.c.i.embedder.EclipseLogger - Copying 0 resource
2019-05-03 17:12:03,274 [Worker-290] INFO  o.e.m.c.i.embedder.EclipseLogger - Using 'UTF-8' encoding to copy filtered resources.
2019-05-03 17:12:03,277 [Worker-290] INFO  o.e.m.c.i.embedder.EclipseLogger - Copying 5 resources
2019-05-03 17:12:03,281 [Worker-290] INFO  o.e.m.c.i.embedder.EclipseLogger - Using 'UTF-8' encoding to copy filtered resources.
2019-05-03 17:12:03,282 [Worker-290] INFO  o.e.m.c.i.embedder.EclipseLogger - Copying 0 resource
2019-05-03 17:14:24,280 [Worker-290] INFO  o.e.m.c.i.embedder.EclipseLogger - Using 'UTF-8' encoding to copy filtered resources.
2019-05-03 17:14:24,288 [Worker-290] INFO  o.e.m.c.i.embedder.EclipseLogger - Copying 5 resources
2019-05-03 17:14:24,293 [Worker-290] INFO  o.e.m.c.i.embedder.EclipseLogger - Using 'UTF-8' encoding to copy filtered resources.
2019-05-03 17:14:24,294 [Worker-290] INFO  o.e.m.c.i.embedder.EclipseLogger - Copying 0 resource
2019-05-03 17:22:17,518 [Worker-299] INFO  o.e.m.c.i.embedder.EclipseLogger - Using 'UTF-8' encoding to copy filtered resources.
2019-05-03 17:22:17,520 [Worker-299] INFO  o.e.m.c.i.embedder.EclipseLogger - Copying 5 resources
2019-05-03 17:22:17,522 [Worker-299] INFO  o.e.m.c.i.embedder.EclipseLogger - Using 'UTF-8' encoding to copy filtered resources.
2019-05-03 17:22:17,522 [Worker-299] INFO  o.e.m.c.i.embedder.EclipseLogger - Copying 0 resource
2019-05-03 23:28:06,696 [Worker-330] INFO  o.e.m.c.i.embedder.EclipseLogger - Using 'UTF-8' encoding to copy filtered resources.
2019-05-03 23:28:06,712 [Worker-330] INFO  o.e.m.c.i.embedder.EclipseLogger - Copying 5 resources
2019-05-03 23:28:06,727 [Worker-330] INFO  o.e.m.c.i.embedder.EclipseLogger - Using 'UTF-8' encoding to copy filtered resources.
2019-05-03 23:28:06,728 [Worker-330] INFO  o.e.m.c.i.embedder.EclipseLogger - Copying 0 resource
2019-05-03 23:34:09,217 [Worker-330] INFO  o.e.m.c.i.embedder.EclipseLogger - Using 'UTF-8' encoding to copy filtered resources.
2019-05-03 23:34:09,217 [Worker-330] INFO  o.e.m.c.i.embedder.EclipseLogger - Copying 5 resources
2019-05-03 23:34:09,218 [Worker-330] INFO  o.e.m.c.i.embedder.EclipseLogger - Using 'UTF-8' encoding to copy filtered resources.
2019-05-03 23:34:09,219 [Worker-330] INFO  o.e.m.c.i.embedder.EclipseLogger - Copying 0 resource
2019-05-03 23:52:07,930 [Worker-345] INFO  o.e.m.c.i.embedder.EclipseLogger - Using 'UTF-8' encoding to copy filtered resources.
2019-05-03 23:52:07,944 [Worker-345] INFO  o.e.m.c.i.embedder.EclipseLogger - Copying 5 resources
2019-05-03 23:52:07,961 [Worker-345] INFO  o.e.m.c.i.embedder.EclipseLogger - Using 'UTF-8' encoding to copy filtered resources.
2019-05-03 23:52:07,961 [Worker-345] INFO  o.e.m.c.i.embedder.EclipseLogger - Copying 0 resource
2019-05-04 19:57:18,196 [Worker-12] INFO  o.e.m.c.i.embedder.EclipseLogger - Using 'UTF-8' encoding to copy filtered resources.
2019-05-04 19:57:18,202 [Worker-12] INFO  o.e.m.c.i.embedder.EclipseLogger - Copying 5 resources
2019-05-04 19:57:18,208 [Worker-12] INFO  o.e.m.c.i.embedder.EclipseLogger - Using 'UTF-8' encoding to copy filtered resources.
2019-05-04 19:57:18,208 [Worker-12] INFO  o.e.m.c.i.embedder.EclipseLogger - Copying 0 resource
2019-05-04 21:40:13,419 [Worker-25] INFO  o.e.m.c.i.embedder.EclipseLogger - Using 'UTF-8' encoding to copy filtered resources.
2019-05-04 21:40:13,426 [Worker-25] INFO  o.e.m.c.i.embedder.EclipseLogger - Copying 5 resources
2019-05-04 21:40:13,428 [Worker-25] INFO  o.e.m.c.i.embedder.EclipseLogger - Using 'UTF-8' encoding to copy filtered resources.
2019-05-04 21:40:13,428 [Worker-25] INFO  o.e.m.c.i.embedder.EclipseLogger - Copying 0 resource
2019-05-04 22:12:44,958 [Worker-46] INFO  o.e.m.c.i.embedder.EclipseLogger - Using 'UTF-8' encoding to copy filtered resources.
2019-05-04 22:12:44,959 [Worker-46] INFO  o.e.m.c.i.embedder.EclipseLogger - Copying 5 resources
2019-05-04 22:12:44,960 [Worker-46] INFO  o.e.m.c.i.embedder.EclipseLogger - Using 'UTF-8' encoding to copy filtered resources.
2019-05-04 22:12:44,960 [Worker-46] INFO  o.e.m.c.i.embedder.EclipseLogger - Copying 0 resource
2019-05-04 23:03:02,118 [Worker-65] INFO  o.e.m.c.i.embedder.EclipseLogger - Using 'UTF-8' encoding to copy filtered resources.
2019-05-04 23:03:02,119 [Worker-65] INFO  o.e.m.c.i.embedder.EclipseLogger - Copying 5 resources
2019-05-04 23:03:02,120 [Worker-65] INFO  o.e.m.c.i.embedder.EclipseLogger - Using 'UTF-8' encoding to copy filtered resources.
2019-05-04 23:03:02,120 [Worker-65] INFO  o.e.m.c.i.embedder.EclipseLogger - Copying 0 resource
2019-05-04 23:09:26,319 [Worker-65] INFO  o.e.m.c.i.embedder.EclipseLogger - Using 'UTF-8' encoding to copy filtered resources.
2019-05-04 23:09:26,321 [Worker-65] INFO  o.e.m.c.i.embedder.EclipseLogger - Copying 5 resources
2019-05-04 23:09:26,324 [Worker-65] INFO  o.e.m.c.i.embedder.EclipseLogger - Using 'UTF-8' encoding to copy filtered resources.
2019-05-04 23:09:26,324 [Worker-65] INFO  o.e.m.c.i.embedder.EclipseLogger - Copying 0 resource
2019-05-04 23:13:14,426 [Worker-68] INFO  o.e.m.c.i.embedder.EclipseLogger - Using 'UTF-8' encoding to copy filtered resources.
2019-05-04 23:13:14,438 [Worker-68] INFO  o.e.m.c.i.embedder.EclipseLogger - Copying 5 resources
2019-05-04 23:13:14,445 [Worker-68] INFO  o.e.m.c.i.embedder.EclipseLogger - Using 'UTF-8' encoding to copy filtered resources.
2019-05-04 23:13:14,446 [Worker-68] INFO  o.e.m.c.i.embedder.EclipseLogger - Copying 0 resource
2019-05-04 23:43:18,016 [Worker-81] INFO  o.e.m.c.i.embedder.EclipseLogger - Using 'UTF-8' encoding to copy filtered resources.
2019-05-04 23:43:18,017 [Worker-81] INFO  o.e.m.c.i.embedder.EclipseLogger - Copying 5 resources
2019-05-04 23:43:18,020 [Worker-81] INFO  o.e.m.c.i.embedder.EclipseLogger - Using 'UTF-8' encoding to copy filtered resources.
2019-05-04 23:43:18,020 [Worker-81] INFO  o.e.m.c.i.embedder.EclipseLogger - Copying 0 resource
2019-05-04 23:47:19,712 [Worker-80] INFO  o.e.m.c.i.embedder.EclipseLogger - Using 'UTF-8' encoding to copy filtered resources.
2019-05-04 23:47:19,721 [Worker-80] INFO  o.e.m.c.i.embedder.EclipseLogger - Copying 5 resources
2019-05-04 23:47:19,728 [Worker-80] INFO  o.e.m.c.i.embedder.EclipseLogger - Using 'UTF-8' encoding to copy filtered resources.
2019-05-04 23:47:19,728 [Worker-80] INFO  o.e.m.c.i.embedder.EclipseLogger - Copying 0 resource
2019-05-04 23:47:22,799 [Worker-81] INFO  o.e.m.c.i.embedder.EclipseLogger - Using 'UTF-8' encoding to copy filtered resources.
2019-05-04 23:47:22,803 [Worker-81] INFO  o.e.m.c.i.embedder.EclipseLogger - Copying 5 resources
2019-05-04 23:47:22,807 [Worker-81] INFO  o.e.m.c.i.embedder.EclipseLogger - Using 'UTF-8' encoding to copy filtered resources.
2019-05-04 23:47:22,808 [Worker-81] INFO  o.e.m.c.i.embedder.EclipseLogger - Copying 0 resource
2019-05-05 09:22:38,229 [Worker-2] INFO  o.e.m.c.i.embedder.EclipseLogger - Using 'UTF-8' encoding to copy filtered resources.
2019-05-05 09:22:38,240 [Worker-2] INFO  o.e.m.c.i.embedder.EclipseLogger - Copying 5 resources
2019-05-05 09:22:38,296 [Worker-2] INFO  o.e.m.c.i.embedder.EclipseLogger - Using 'UTF-8' encoding to copy filtered resources.
2019-05-05 09:22:38,297 [Worker-2] INFO  o.e.m.c.i.embedder.EclipseLogger - Copying 0 resource
2019-05-05 09:34:24,630 [Worker-2] INFO  o.e.m.c.i.embedder.EclipseLogger - Using 'UTF-8' encoding to copy filtered resources.
2019-05-05 09:34:24,637 [Worker-2] INFO  o.e.m.c.i.embedder.EclipseLogger - Copying 5 resources
2019-05-05 09:34:24,639 [Worker-2] INFO  o.e.m.c.i.embedder.EclipseLogger - Using 'UTF-8' encoding to copy filtered resources.
2019-05-05 09:34:24,639 [Worker-2] INFO  o.e.m.c.i.embedder.EclipseLogger - Copying 0 resource
2019-05-05 10:12:40,689 [Worker-26] INFO  o.e.m.c.i.embedder.EclipseLogger - Using 'UTF-8' encoding to copy filtered resources.
2019-05-05 10:12:40,690 [Worker-26] INFO  o.e.m.c.i.embedder.EclipseLogger - Copying 5 resources
2019-05-05 10:12:40,692 [Worker-26] INFO  o.e.m.c.i.embedder.EclipseLogger - Using 'UTF-8' encoding to copy filtered resources.
2019-05-05 10:12:40,692 [Worker-26] INFO  o.e.m.c.i.embedder.EclipseLogger - Copying 0 resource
2019-05-05 10:12:49,624 [Worker-25] INFO  o.e.m.c.i.embedder.EclipseLogger - Using 'UTF-8' encoding to copy filtered resources.
2019-05-05 10:12:49,627 [Worker-25] INFO  o.e.m.c.i.embedder.EclipseLogger - Copying 5 resources
2019-05-05 10:12:49,636 [Worker-25] INFO  o.e.m.c.i.embedder.EclipseLogger - Using 'UTF-8' encoding to copy filtered resources.
2019-05-05 10:12:49,637 [Worker-25] INFO  o.e.m.c.i.embedder.EclipseLogger - Copying 0 resource
2019-05-05 10:13:27,724 [Worker-24] INFO  o.e.m.c.i.embedder.EclipseLogger - Using 'UTF-8' encoding to copy filtered resources.
2019-05-05 10:13:27,725 [Worker-24] INFO  o.e.m.c.i.embedder.EclipseLogger - Copying 5 resources
2019-05-05 10:13:27,727 [Worker-24] INFO  o.e.m.c.i.embedder.EclipseLogger - Using 'UTF-8' encoding to copy filtered resources.
2019-05-05 10:13:27,728 [Worker-24] INFO  o.e.m.c.i.embedder.EclipseLogger - Copying 0 resource
2019-05-05 10:26:24,637 [Worker-31] INFO  o.e.m.c.i.embedder.EclipseLogger - Using 'UTF-8' encoding to copy filtered resources.
2019-05-05 10:26:24,654 [Worker-31] INFO  o.e.m.c.i.embedder.EclipseLogger - Copying 5 resources
2019-05-05 10:26:24,664 [Worker-31] INFO  o.e.m.c.i.embedder.EclipseLogger - Using 'UTF-8' encoding to copy filtered resources.
2019-05-05 10:26:24,665 [Worker-31] INFO  o.e.m.c.i.embedder.EclipseLogger - Copying 0 resource
2019-05-05 10:41:05,163 [Worker-39] INFO  o.e.m.c.i.embedder.EclipseLogger - Using 'UTF-8' encoding to copy filtered resources.
2019-05-05 10:41:05,165 [Worker-39] INFO  o.e.m.c.i.embedder.EclipseLogger - Copying 5 resources
2019-05-05 10:41:05,169 [Worker-39] INFO  o.e.m.c.i.embedder.EclipseLogger - Using 'UTF-8' encoding to copy filtered resources.
2019-05-05 10:41:05,169 [Worker-39] INFO  o.e.m.c.i.embedder.EclipseLogger - Copying 0 resource
2019-05-05 10:42:18,906 [Worker-40] INFO  o.e.m.c.i.embedder.EclipseLogger - Using 'UTF-8' encoding to copy filtered resources.
2019-05-05 10:42:18,910 [Worker-40] INFO  o.e.m.c.i.embedder.EclipseLogger - Copying 5 resources
2019-05-05 10:42:18,914 [Worker-40] INFO  o.e.m.c.i.embedder.EclipseLogger - Using 'UTF-8' encoding to copy filtered resources.
2019-05-05 10:42:18,915 [Worker-40] INFO  o.e.m.c.i.embedder.EclipseLogger - Copying 0 resource
2019-05-05 10:48:09,240 [Worker-43] INFO  o.e.m.c.i.embedder.EclipseLogger - Using 'UTF-8' encoding to copy filtered resources.
2019-05-05 10:48:09,241 [Worker-43] INFO  o.e.m.c.i.embedder.EclipseLogger - Copying 5 resources
2019-05-05 10:48:09,242 [Worker-43] INFO  o.e.m.c.i.embedder.EclipseLogger - Using 'UTF-8' encoding to copy filtered resources.
2019-05-05 10:48:09,243 [Worker-43] INFO  o.e.m.c.i.embedder.EclipseLogger - Copying 0 resource
2019-05-05 11:03:12,973 [Worker-49] INFO  o.e.m.c.i.embedder.EclipseLogger - Using 'UTF-8' encoding to copy filtered resources.
2019-05-05 11:03:12,983 [Worker-49] INFO  o.e.m.c.i.embedder.EclipseLogger - Copying 5 resources
2019-05-05 11:03:12,995 [Worker-49] INFO  o.e.m.c.i.embedder.EclipseLogger - Using 'UTF-8' encoding to copy filtered resources.
2019-05-05 11:03:12,995 [Worker-49] INFO  o.e.m.c.i.embedder.EclipseLogger - Copying 0 resource
2019-05-05 11:31:36,013 [Worker-65] INFO  o.e.m.c.i.embedder.EclipseLogger - Using 'UTF-8' encoding to copy filtered resources.
2019-05-05 11:31:36,017 [Worker-65] INFO  o.e.m.c.i.embedder.EclipseLogger - Copying 5 resources
2019-05-05 11:31:36,021 [Worker-65] INFO  o.e.m.c.i.embedder.EclipseLogger - Using 'UTF-8' encoding to copy filtered resources.
2019-05-05 11:31:36,021 [Worker-65] INFO  o.e.m.c.i.embedder.EclipseLogger - Copying 0 resource
2019-05-05 11:31:59,421 [Worker-65] INFO  o.e.m.c.i.embedder.EclipseLogger - Using 'UTF-8' encoding to copy filtered resources.
2019-05-05 11:31:59,427 [Worker-65] INFO  o.e.m.c.i.embedder.EclipseLogger - Copying 5 resources
2019-05-05 11:31:59,435 [Worker-65] INFO  o.e.m.c.i.embedder.EclipseLogger - Using 'UTF-8' encoding to copy filtered resources.
2019-05-05 11:31:59,435 [Worker-65] INFO  o.e.m.c.i.embedder.EclipseLogger - Copying 0 resource
2019-05-05 11:32:30,876 [Worker-65] INFO  o.e.m.c.i.embedder.EclipseLogger - Using 'UTF-8' encoding to copy filtered resources.
2019-05-05 11:32:30,879 [Worker-65] INFO  o.e.m.c.i.embedder.EclipseLogger - Copying 5 resources
2019-05-05 11:32:30,882 [Worker-65] INFO  o.e.m.c.i.embedder.EclipseLogger - Using 'UTF-8' encoding to copy filtered resources.
2019-05-05 11:32:30,883 [Worker-65] INFO  o.e.m.c.i.embedder.EclipseLogger - Copying 0 resource
2019-05-05 11:55:06,108 [Worker-74] INFO  o.e.m.c.i.embedder.EclipseLogger - Using 'UTF-8' encoding to copy filtered resources.
2019-05-05 11:55:06,113 [Worker-74] INFO  o.e.m.c.i.embedder.EclipseLogger - Copying 5 resources
2019-05-05 11:55:06,118 [Worker-74] INFO  o.e.m.c.i.embedder.EclipseLogger - Using 'UTF-8' encoding to copy filtered resources.
2019-05-05 11:55:06,118 [Worker-74] INFO  o.e.m.c.i.embedder.EclipseLogger - Copying 0 resource
2019-05-05 11:58:46,976 [Worker-75] INFO  o.e.m.c.i.embedder.EclipseLogger - Using 'UTF-8' encoding to copy filtered resources.
2019-05-05 11:58:46,977 [Worker-75] INFO  o.e.m.c.i.embedder.EclipseLogger - Copying 5 resources
2019-05-05 11:58:46,978 [Worker-75] INFO  o.e.m.c.i.embedder.EclipseLogger - Using 'UTF-8' encoding to copy filtered resources.
2019-05-05 11:58:46,978 [Worker-75] INFO  o.e.m.c.i.embedder.EclipseLogger - Copying 0 resource
2019-05-05 11:59:24,266 [Worker-75] INFO  o.e.m.c.i.embedder.EclipseLogger - Using 'UTF-8' encoding to copy filtered resources.
2019-05-05 11:59:24,272 [Worker-75] INFO  o.e.m.c.i.embedder.EclipseLogger - Copying 5 resources
2019-05-05 11:59:24,277 [Worker-75] INFO  o.e.m.c.i.embedder.EclipseLogger - Using 'UTF-8' encoding to copy filtered resources.
2019-05-05 11:59:24,277 [Worker-75] INFO  o.e.m.c.i.embedder.EclipseLogger - Copying 0 resource
2019-05-05 12:02:21,297 [Worker-78] INFO  o.e.m.c.i.embedder.EclipseLogger - Using 'UTF-8' encoding to copy filtered resources.
2019-05-05 12:02:21,298 [Worker-78] INFO  o.e.m.c.i.embedder.EclipseLogger - Copying 5 resources
2019-05-05 12:02:21,300 [Worker-78] INFO  o.e.m.c.i.embedder.EclipseLogger - Using 'UTF-8' encoding to copy filtered resources.
2019-05-05 12:02:21,300 [Worker-78] INFO  o.e.m.c.i.embedder.EclipseLogger - Copying 0 resource
2019-05-05 12:02:46,831 [Worker-77] INFO  o.e.m.c.i.embedder.EclipseLogger - Using 'UTF-8' encoding to copy filtered resources.
2019-05-05 12:02:46,837 [Worker-77] INFO  o.e.m.c.i.embedder.EclipseLogger - Copying 5 resources
2019-05-05 12:02:46,843 [Worker-77] INFO  o.e.m.c.i.embedder.EclipseLogger - Using 'UTF-8' encoding to copy filtered resources.
2019-05-05 12:02:46,843 [Worker-77] INFO  o.e.m.c.i.embedder.EclipseLogger - Copying 0 resource
2019-05-05 14:22:31,900 [Worker-104] INFO  o.e.m.c.i.embedder.EclipseLogger - Using 'UTF-8' encoding to copy filtered resources.
2019-05-05 14:22:31,901 [Worker-104] INFO  o.e.m.c.i.embedder.EclipseLogger - Copying 5 resources
2019-05-05 14:22:31,902 [Worker-104] INFO  o.e.m.c.i.embedder.EclipseLogger - Using 'UTF-8' encoding to copy filtered resources.
2019-05-05 14:22:31,902 [Worker-104] INFO  o.e.m.c.i.embedder.EclipseLogger - Copying 0 resource
2019-05-05 14:23:17,461 [Worker-105] INFO  o.e.m.c.i.embedder.EclipseLogger - Using 'UTF-8' encoding to copy filtered resources.
2019-05-05 14:23:17,467 [Worker-105] INFO  o.e.m.c.i.embedder.EclipseLogger - Copying 5 resources
2019-05-05 14:23:17,473 [Worker-105] INFO  o.e.m.c.i.embedder.EclipseLogger - Using 'UTF-8' encoding to copy filtered resources.
2019-05-05 14:23:17,473 [Worker-105] INFO  o.e.m.c.i.embedder.EclipseLogger - Copying 0 resource
2019-05-05 14:27:39,110 [Worker-110] INFO  o.e.m.c.i.embedder.EclipseLogger - Using 'UTF-8' encoding to copy filtered resources.
2019-05-05 14:27:39,111 [Worker-110] INFO  o.e.m.c.i.embedder.EclipseLogger - Copying 5 resources
2019-05-05 14:27:39,113 [Worker-110] INFO  o.e.m.c.i.embedder.EclipseLogger - Using 'UTF-8' encoding to copy filtered resources.
2019-05-05 14:27:39,113 [Worker-110] INFO  o.e.m.c.i.embedder.EclipseLogger - Copying 0 resource
2019-05-05 14:29:23,997 [Worker-104] INFO  o.e.m.c.i.embedder.EclipseLogger - Using 'UTF-8' encoding to copy filtered resources.
2019-05-05 14:29:24,002 [Worker-104] INFO  o.e.m.c.i.embedder.EclipseLogger - Copying 5 resources
2019-05-05 14:29:24,009 [Worker-104] INFO  o.e.m.c.i.embedder.EclipseLogger - Using 'UTF-8' encoding to copy filtered resources.
2019-05-05 14:29:24,009 [Worker-104] INFO  o.e.m.c.i.embedder.EclipseLogger - Copying 0 resource
2019-05-05 14:31:00,612 [Worker-109] INFO  o.e.m.c.i.embedder.EclipseLogger - Using 'UTF-8' encoding to copy filtered resources.
2019-05-05 14:31:00,613 [Worker-109] INFO  o.e.m.c.i.embedder.EclipseLogger - Copying 5 resources
2019-05-05 14:31:00,614 [Worker-109] INFO  o.e.m.c.i.embedder.EclipseLogger - Using 'UTF-8' encoding to copy filtered resources.
2019-05-05 14:31:00,614 [Worker-109] INFO  o.e.m.c.i.embedder.EclipseLogger - Copying 0 resource
2019-05-05 14:31:29,069 [Worker-111] INFO  o.e.m.c.i.embedder.EclipseLogger - Using 'UTF-8' encoding to copy filtered resources.
2019-05-05 14:31:29,079 [Worker-111] INFO  o.e.m.c.i.embedder.EclipseLogger - Copying 5 resources
2019-05-05 14:31:29,085 [Worker-111] INFO  o.e.m.c.i.embedder.EclipseLogger - Using 'UTF-8' encoding to copy filtered resources.
2019-05-05 14:31:29,085 [Worker-111] INFO  o.e.m.c.i.embedder.EclipseLogger - Copying 0 resource
